<?xml version="1.0" encoding="UTF-8"?>
<!-- Generated by org.testng.reporters.JUnitXMLReporter -->
<testsuite hostname="satsunda.local" name="RankTest" tests="6" failures="0" timestamp="3 Jan 2012 23:44:46 GMT" time="0.038" errors="0">
  <testcase name="assertResult" time="0.0040" classname="com.sn.solr.utils.rank.test.RankAlgorithmTest">
    <skipped/>
  </testcase>
  <testcase name="testDenseRank" time="0.011" classname="com.sn.solr.utils.rank.test.RankAlgorithmTest"/>
  <testcase name="testFractionalRank" time="0.0010" classname="com.sn.solr.utils.rank.test.RankAlgorithmTest"/>
  <testcase name="testModCompRank" time="0.0010" classname="com.sn.solr.utils.rank.test.RankAlgorithmTest"/>
  <testcase name="testStdCompRank" time="0.0" classname="com.sn.solr.utils.rank.test.RankAlgorithmTest"/>
  <testcase name="validateResult" time="0.0" classname="com.sn.solr.utils.rank.test.RankAlgorithmTest">
    <skipped/>
  </testcase>
</testsuite>
