<?xml version="1.0" encoding="UTF-8"?>
<testng-results skipped="0" failed="0" total="1" passed="1">
  <reporter-output>
  </reporter-output>
  <suite name="Default suite" duration-ms="40" started-at="2012-01-09T11:25:53Z" finished-at="2012-01-09T11:25:53Z">
    <groups>
    </groups>
    <test name="Default test" duration-ms="40" started-at="2012-01-09T11:25:53Z" finished-at="2012-01-09T11:25:53Z">
      <class name="com.sn.solr.utils.rank.test.RankAlgorithmTest">
        <test-method status="PASS" signature="testRank([Ljava.lang.String;)[pri:0, instance:com.sn.solr.utils.rank.test.RankAlgorithmTest@50618d26]" name="testRank" duration-ms="23" started-at="2012-01-09T11:25:53Z" finished-at="2012-01-09T11:25:53Z">
          <params>
            <param index="0">
              <value>
                <![CDATA[[Ljava.lang.String;@3794d372]]>
              </value>
            </param>
          </params>
        </test-method>
      </class>
    </test>
  </suite>
</testng-results>
